mode: set
github.com/GeorgiiMalishev/ideas-platform/internal/usecase/auth_impl.go:31.131,38.2 1 1
github.com/GeorgiiMalishev/ideas-platform/internal/usecase/auth_impl.go:41.54,51.49 5 1
github.com/GeorgiiMalishev/ideas-platform/internal/usecase/auth_impl.go:51.49,54.3 2 0
github.com/GeorgiiMalishev/ideas-platform/internal/usecase/auth_impl.go:56.2,56.21 1 1
github.com/GeorgiiMalishev/ideas-platform/internal/usecase/auth_impl.go:56.21,62.17 3 1
github.com/GeorgiiMalishev/ideas-platform/internal/usecase/auth_impl.go:62.17,65.4 2 1
github.com/GeorgiiMalishev/ideas-platform/internal/usecase/auth_impl.go:67.3,68.81 2 1
github.com/GeorgiiMalishev/ideas-platform/internal/usecase/auth_impl.go:71.2,72.16 2 1
github.com/GeorgiiMalishev/ideas-platform/internal/usecase/auth_impl.go:72.16,75.3 2 0
github.com/GeorgiiMalishev/ideas-platform/internal/usecase/auth_impl.go:77.2,78.16 2 1
github.com/GeorgiiMalishev/ideas-platform/internal/usecase/auth_impl.go:78.16,81.3 2 0
github.com/GeorgiiMalishev/ideas-platform/internal/usecase/auth_impl.go:83.2,84.16 2 1
github.com/GeorgiiMalishev/ideas-platform/internal/usecase/auth_impl.go:84.16,87.3 2 0
github.com/GeorgiiMalishev/ideas-platform/internal/usecase/auth_impl.go:89.2,92.16 3 1
github.com/GeorgiiMalishev/ideas-platform/internal/usecase/auth_impl.go:92.16,95.3 2 0
github.com/GeorgiiMalishev/ideas-platform/internal/usecase/auth_impl.go:97.2,98.12 2 1
github.com/GeorgiiMalishev/ideas-platform/internal/usecase/auth_impl.go:101.68,103.23 2 1
github.com/GeorgiiMalishev/ideas-platform/internal/usecase/auth_impl.go:103.23,107.3 1 1
github.com/GeorgiiMalishev/ideas-platform/internal/usecase/auth_impl.go:108.2,108.12 1 1
github.com/GeorgiiMalishev/ideas-platform/internal/usecase/auth_impl.go:111.96,112.21 1 1
github.com/GeorgiiMalishev/ideas-platform/internal/usecase/auth_impl.go:112.21,118.17 5 1
github.com/GeorgiiMalishev/ideas-platform/internal/usecase/auth_impl.go:118.17,120.4 1 0
github.com/GeorgiiMalishev/ideas-platform/internal/usecase/auth_impl.go:121.8,123.17 2 1
github.com/GeorgiiMalishev/ideas-platform/internal/usecase/auth_impl.go:123.17,125.4 1 0
github.com/GeorgiiMalishev/ideas-platform/internal/usecase/auth_impl.go:127.2,127.12 1 1
github.com/GeorgiiMalishev/ideas-platform/internal/usecase/auth_impl.go:130.67,131.89 1 1
github.com/GeorgiiMalishev/ideas-platform/internal/usecase/auth_impl.go:131.89,133.3 1 0
github.com/GeorgiiMalishev/ideas-platform/internal/usecase/auth_impl.go:133.8,135.67 2 1
github.com/GeorgiiMalishev/ideas-platform/internal/usecase/auth_impl.go:135.67,137.4 1 1
github.com/GeorgiiMalishev/ideas-platform/internal/usecase/auth_impl.go:137.9,137.139 1 1
github.com/GeorgiiMalishev/ideas-platform/internal/usecase/auth_impl.go:137.139,139.4 1 1
github.com/GeorgiiMalishev/ideas-platform/internal/usecase/auth_impl.go:139.9,141.4 1 1
github.com/GeorgiiMalishev/ideas-platform/internal/usecase/auth_impl.go:146.91,155.16 4 1
github.com/GeorgiiMalishev/ideas-platform/internal/usecase/auth_impl.go:155.16,157.35 2 0
github.com/GeorgiiMalishev/ideas-platform/internal/usecase/auth_impl.go:157.35,159.4 1 0
github.com/GeorgiiMalishev/ideas-platform/internal/usecase/auth_impl.go:159.9,161.4 1 0
github.com/GeorgiiMalishev/ideas-platform/internal/usecase/auth_impl.go:162.3,162.18 1 0
github.com/GeorgiiMalishev/ideas-platform/internal/usecase/auth_impl.go:164.2,164.32 1 1
github.com/GeorgiiMalishev/ideas-platform/internal/usecase/auth_impl.go:164.32,167.3 2 0
github.com/GeorgiiMalishev/ideas-platform/internal/usecase/auth_impl.go:168.2,170.16 3 1
github.com/GeorgiiMalishev/ideas-platform/internal/usecase/auth_impl.go:170.16,174.3 3 1
github.com/GeorgiiMalishev/ideas-platform/internal/usecase/auth_impl.go:176.2,177.16 2 1
github.com/GeorgiiMalishev/ideas-platform/internal/usecase/auth_impl.go:177.16,179.35 2 1
github.com/GeorgiiMalishev/ideas-platform/internal/usecase/auth_impl.go:179.35,182.18 3 1
github.com/GeorgiiMalishev/ideas-platform/internal/usecase/auth_impl.go:182.18,184.5 1 0
github.com/GeorgiiMalishev/ideas-platform/internal/usecase/auth_impl.go:185.9,188.4 2 0
github.com/GeorgiiMalishev/ideas-platform/internal/usecase/auth_impl.go:190.2,191.16 2 1
github.com/GeorgiiMalishev/ideas-platform/internal/usecase/auth_impl.go:191.16,194.3 2 0
github.com/GeorgiiMalishev/ideas-platform/internal/usecase/auth_impl.go:196.2,196.37 1 1
github.com/GeorgiiMalishev/ideas-platform/internal/usecase/auth_impl.go:199.37,203.19 3 1
github.com/GeorgiiMalishev/ideas-platform/internal/usecase/auth_impl.go:203.19,205.17 2 1
github.com/GeorgiiMalishev/ideas-platform/internal/usecase/auth_impl.go:205.17,207.4 1 0
github.com/GeorgiiMalishev/ideas-platform/internal/usecase/auth_impl.go:208.3,208.34 1 1
github.com/GeorgiiMalishev/ideas-platform/internal/usecase/auth_impl.go:211.2,211.28 1 1
github.com/GeorgiiMalishev/ideas-platform/internal/usecase/auth_impl.go:214.54,217.2 2 1
github.com/GeorgiiMalishev/ideas-platform/internal/usecase/auth_impl.go:219.44,222.2 2 1
github.com/GeorgiiMalishev/ideas-platform/internal/usecase/auth_impl.go:224.87,231.20 3 1
github.com/GeorgiiMalishev/ideas-platform/internal/usecase/auth_impl.go:231.20,234.3 2 0
github.com/GeorgiiMalishev/ideas-platform/internal/usecase/auth_impl.go:235.2,235.21 1 1
github.com/GeorgiiMalishev/ideas-platform/internal/usecase/auth_impl.go:235.21,238.3 2 0
github.com/GeorgiiMalishev/ideas-platform/internal/usecase/auth_impl.go:240.2,241.16 2 1
github.com/GeorgiiMalishev/ideas-platform/internal/usecase/auth_impl.go:241.16,244.3 2 0
github.com/GeorgiiMalishev/ideas-platform/internal/usecase/auth_impl.go:246.2,252.16 3 1
github.com/GeorgiiMalishev/ideas-platform/internal/usecase/auth_impl.go:252.16,255.3 2 0
github.com/GeorgiiMalishev/ideas-platform/internal/usecase/auth_impl.go:256.2,259.23 3 1
github.com/GeorgiiMalishev/ideas-platform/internal/usecase/auth_impl.go:262.69,273.16 3 1
github.com/GeorgiiMalishev/ideas-platform/internal/usecase/auth_impl.go:273.16,275.3 1 0
github.com/GeorgiiMalishev/ideas-platform/internal/usecase/auth_impl.go:276.2,276.12 1 1
github.com/GeorgiiMalishev/ideas-platform/internal/usecase/auth_impl.go:280.60,283.2 2 1
github.com/GeorgiiMalishev/ideas-platform/internal/usecase/auth_impl.go:285.68,287.2 1 1
github.com/GeorgiiMalishev/ideas-platform/internal/usecase/auth_impl.go:289.85,291.16 2 1
github.com/GeorgiiMalishev/ideas-platform/internal/usecase/auth_impl.go:291.16,293.3 1 1
github.com/GeorgiiMalishev/ideas-platform/internal/usecase/auth_impl.go:295.2,295.26 1 1
github.com/GeorgiiMalishev/ideas-platform/internal/usecase/auth_impl.go:295.26,299.3 3 0
github.com/GeorgiiMalishev/ideas-platform/internal/usecase/auth_impl.go:301.2,301.65 1 1
github.com/GeorgiiMalishev/ideas-platform/internal/usecase/auth_impl.go:304.107,309.16 4 1
github.com/GeorgiiMalishev/ideas-platform/internal/usecase/auth_impl.go:309.16,312.3 2 0
github.com/GeorgiiMalishev/ideas-platform/internal/usecase/auth_impl.go:314.2,315.16 2 1
github.com/GeorgiiMalishev/ideas-platform/internal/usecase/auth_impl.go:315.16,318.3 2 0
github.com/GeorgiiMalishev/ideas-platform/internal/usecase/auth_impl.go:320.2,323.8 1 1
github.com/GeorgiiMalishev/ideas-platform/internal/usecase/auth_impl.go:326.104,333.26 3 1
github.com/GeorgiiMalishev/ideas-platform/internal/usecase/auth_impl.go:333.26,336.50 3 1
github.com/GeorgiiMalishev/ideas-platform/internal/usecase/auth_impl.go:336.50,339.4 2 0
github.com/GeorgiiMalishev/ideas-platform/internal/usecase/auth_impl.go:342.2,343.16 2 1
github.com/GeorgiiMalishev/ideas-platform/internal/usecase/auth_impl.go:343.16,346.3 2 0
github.com/GeorgiiMalishev/ideas-platform/internal/usecase/auth_impl.go:347.2,353.16 3 1
github.com/GeorgiiMalishev/ideas-platform/internal/usecase/auth_impl.go:353.16,356.3 2 0
github.com/GeorgiiMalishev/ideas-platform/internal/usecase/auth_impl.go:358.2,358.29 1 1
github.com/GeorgiiMalishev/ideas-platform/internal/usecase/auth_impl.go:361.88,368.102 4 1
github.com/GeorgiiMalishev/ideas-platform/internal/usecase/auth_impl.go:368.102,369.58 1 1
github.com/GeorgiiMalishev/ideas-platform/internal/usecase/auth_impl.go:369.58,372.4 2 0
github.com/GeorgiiMalishev/ideas-platform/internal/usecase/auth_impl.go:374.3,374.34 1 1
github.com/GeorgiiMalishev/ideas-platform/internal/usecase/auth_impl.go:376.2,376.32 1 1
github.com/GeorgiiMalishev/ideas-platform/internal/usecase/auth_impl.go:376.32,379.3 2 1
github.com/GeorgiiMalishev/ideas-platform/internal/usecase/auth_impl.go:380.2,381.21 2 1
github.com/GeorgiiMalishev/ideas-platform/internal/usecase/auth_impl.go:384.102,393.16 5 1
github.com/GeorgiiMalishev/ideas-platform/internal/usecase/auth_impl.go:393.16,395.35 2 1
github.com/GeorgiiMalishev/ideas-platform/internal/usecase/auth_impl.go:395.35,398.4 2 1
github.com/GeorgiiMalishev/ideas-platform/internal/usecase/auth_impl.go:400.3,401.18 2 0
github.com/GeorgiiMalishev/ideas-platform/internal/usecase/auth_impl.go:404.2,404.45 1 1
github.com/GeorgiiMalishev/ideas-platform/internal/usecase/auth_impl.go:404.45,407.3 2 0
github.com/GeorgiiMalishev/ideas-platform/internal/usecase/auth_impl.go:408.2,408.24 1 1
github.com/GeorgiiMalishev/ideas-platform/internal/usecase/auth_impl.go:411.37,414.2 2 1
github.com/GeorgiiMalishev/ideas-platform/internal/usecase/auth_impl.go:416.78,428.16 4 1
github.com/GeorgiiMalishev/ideas-platform/internal/usecase/auth_impl.go:428.16,430.3 1 0
github.com/GeorgiiMalishev/ideas-platform/internal/usecase/auth_impl.go:431.2,431.26 1 1
github.com/GeorgiiMalishev/ideas-platform/internal/usecase/auth_impl.go:434.45,436.44 2 1
github.com/GeorgiiMalishev/ideas-platform/internal/usecase/auth_impl.go:436.44,438.3 1 0
github.com/GeorgiiMalishev/ideas-platform/internal/usecase/auth_impl.go:440.2,440.54 1 1
github.com/GeorgiiMalishev/ideas-platform/internal/usecase/coffee_shop_impl.go:19.96,21.2 1 1
github.com/GeorgiiMalishev/ideas-platform/internal/usecase/coffee_shop_impl.go:23.135,30.16 6 1
github.com/GeorgiiMalishev/ideas-platform/internal/usecase/coffee_shop_impl.go:30.16,33.3 2 0
github.com/GeorgiiMalishev/ideas-platform/internal/usecase/coffee_shop_impl.go:35.2,36.47 2 1
github.com/GeorgiiMalishev/ideas-platform/internal/usecase/coffee_shop_impl.go:39.88,44.16 4 1
github.com/GeorgiiMalishev/ideas-platform/internal/usecase/coffee_shop_impl.go:44.16,46.3 1 0
github.com/GeorgiiMalishev/ideas-platform/internal/usecase/coffee_shop_impl.go:47.2,48.16 2 1
github.com/GeorgiiMalishev/ideas-platform/internal/usecase/coffee_shop_impl.go:48.16,50.35 2 0
github.com/GeorgiiMalishev/ideas-platform/internal/usecase/coffee_shop_impl.go:50.35,53.4 2 0
github.com/GeorgiiMalishev/ideas-platform/internal/usecase/coffee_shop_impl.go:54.3,55.13 2 0
github.com/GeorgiiMalishev/ideas-platform/internal/usecase/coffee_shop_impl.go:58.2,59.12 2 1
github.com/GeorgiiMalishev/ideas-platform/internal/usecase/coffee_shop_impl.go:62.106,66.30 3 1
github.com/GeorgiiMalishev/ideas-platform/internal/usecase/coffee_shop_impl.go:66.30,68.3 1 1
github.com/GeorgiiMalishev/ideas-platform/internal/usecase/coffee_shop_impl.go:69.2,69.14 1 1
github.com/GeorgiiMalishev/ideas-platform/internal/usecase/coffee_shop_impl.go:69.14,71.3 1 0
github.com/GeorgiiMalishev/ideas-platform/internal/usecase/coffee_shop_impl.go:72.2,73.16 2 1
github.com/GeorgiiMalishev/ideas-platform/internal/usecase/coffee_shop_impl.go:73.16,76.3 2 0
github.com/GeorgiiMalishev/ideas-platform/internal/usecase/coffee_shop_impl.go:78.2,79.42 2 1
github.com/GeorgiiMalishev/ideas-platform/internal/usecase/coffee_shop_impl.go:82.94,87.16 4 1
github.com/GeorgiiMalishev/ideas-platform/internal/usecase/coffee_shop_impl.go:87.16,89.35 2 0
github.com/GeorgiiMalishev/ideas-platform/internal/usecase/coffee_shop_impl.go:89.35,92.4 2 0
github.com/GeorgiiMalishev/ideas-platform/internal/usecase/coffee_shop_impl.go:93.3,94.18 2 0
github.com/GeorgiiMalishev/ideas-platform/internal/usecase/coffee_shop_impl.go:97.2,98.40 2 1
github.com/GeorgiiMalishev/ideas-platform/internal/usecase/coffee_shop_impl.go:101.122,106.16 4 1
github.com/GeorgiiMalishev/ideas-platform/internal/usecase/coffee_shop_impl.go:106.16,108.3 1 0
github.com/GeorgiiMalishev/ideas-platform/internal/usecase/coffee_shop_impl.go:110.2,110.20 1 1
github.com/GeorgiiMalishev/ideas-platform/internal/usecase/coffee_shop_impl.go:110.20,112.3 1 1
github.com/GeorgiiMalishev/ideas-platform/internal/usecase/coffee_shop_impl.go:113.2,113.23 1 1
github.com/GeorgiiMalishev/ideas-platform/internal/usecase/coffee_shop_impl.go:113.23,115.3 1 0
github.com/GeorgiiMalishev/ideas-platform/internal/usecase/coffee_shop_impl.go:116.2,116.25 1 1
github.com/GeorgiiMalishev/ideas-platform/internal/usecase/coffee_shop_impl.go:116.25,118.3 1 0
github.com/GeorgiiMalishev/ideas-platform/internal/usecase/coffee_shop_impl.go:119.2,119.31 1 1
github.com/GeorgiiMalishev/ideas-platform/internal/usecase/coffee_shop_impl.go:119.31,121.3 1 0
github.com/GeorgiiMalishev/ideas-platform/internal/usecase/coffee_shop_impl.go:122.2,122.22 1 1
github.com/GeorgiiMalishev/ideas-platform/internal/usecase/coffee_shop_impl.go:122.22,124.3 1 0
github.com/GeorgiiMalishev/ideas-platform/internal/usecase/coffee_shop_impl.go:126.2,127.16 2 1
github.com/GeorgiiMalishev/ideas-platform/internal/usecase/coffee_shop_impl.go:127.16,129.35 2 0
github.com/GeorgiiMalishev/ideas-platform/internal/usecase/coffee_shop_impl.go:129.35,132.4 2 0
github.com/GeorgiiMalishev/ideas-platform/internal/usecase/coffee_shop_impl.go:133.3,134.13 2 0
github.com/GeorgiiMalishev/ideas-platform/internal/usecase/coffee_shop_impl.go:137.2,138.12 2 1
github.com/GeorgiiMalishev/ideas-platform/internal/usecase/coffee_shop_impl.go:141.72,149.2 1 1
github.com/GeorgiiMalishev/ideas-platform/internal/usecase/coffee_shop_impl.go:151.76,160.2 1 1
github.com/GeorgiiMalishev/ideas-platform/internal/usecase/coffee_shop_impl.go:162.80,164.23 2 1
github.com/GeorgiiMalishev/ideas-platform/internal/usecase/coffee_shop_impl.go:164.23,166.3 1 1
github.com/GeorgiiMalishev/ideas-platform/internal/usecase/coffee_shop_impl.go:168.2,168.12 1 1
github.com/GeorgiiMalishev/ideas-platform/internal/usecase/coffee_shop_impl.go:171.110,176.16 4 1
github.com/GeorgiiMalishev/ideas-platform/internal/usecase/coffee_shop_impl.go:176.16,178.35 2 0
github.com/GeorgiiMalishev/ideas-platform/internal/usecase/coffee_shop_impl.go:178.35,181.4 2 0
github.com/GeorgiiMalishev/ideas-platform/internal/usecase/coffee_shop_impl.go:182.3,183.18 2 0
github.com/GeorgiiMalishev/ideas-platform/internal/usecase/coffee_shop_impl.go:185.2,185.30 1 1
github.com/GeorgiiMalishev/ideas-platform/internal/usecase/coffee_shop_impl.go:185.30,188.3 2 0
github.com/GeorgiiMalishev/ideas-platform/internal/usecase/coffee_shop_impl.go:189.2,190.18 2 1
github.com/GeorgiiMalishev/ideas-platform/internal/usecase/idea_impl.go:19.90,21.2 1 1
github.com/GeorgiiMalishev/ideas-platform/internal/usecase/idea_impl.go:23.111,37.16 5 0
github.com/GeorgiiMalishev/ideas-platform/internal/usecase/idea_impl.go:37.16,40.3 2 0
github.com/GeorgiiMalishev/ideas-platform/internal/usecase/idea_impl.go:42.2,43.41 2 0
github.com/GeorgiiMalishev/ideas-platform/internal/usecase/idea_impl.go:46.80,51.16 4 0
github.com/GeorgiiMalishev/ideas-platform/internal/usecase/idea_impl.go:51.16,53.35 2 0
github.com/GeorgiiMalishev/ideas-platform/internal/usecase/idea_impl.go:53.35,56.4 2 0
github.com/GeorgiiMalishev/ideas-platform/internal/usecase/idea_impl.go:57.3,58.18 2 0
github.com/GeorgiiMalishev/ideas-platform/internal/usecase/idea_impl.go:61.2,62.34 2 0
github.com/GeorgiiMalishev/ideas-platform/internal/usecase/idea_impl.go:65.119,69.44 3 0
github.com/GeorgiiMalishev/ideas-platform/internal/usecase/idea_impl.go:69.44,71.3 1 0
github.com/GeorgiiMalishev/ideas-platform/internal/usecase/idea_impl.go:72.2,72.21 1 0
github.com/GeorgiiMalishev/ideas-platform/internal/usecase/idea_impl.go:72.21,74.3 1 0
github.com/GeorgiiMalishev/ideas-platform/internal/usecase/idea_impl.go:76.2,77.16 2 0
github.com/GeorgiiMalishev/ideas-platform/internal/usecase/idea_impl.go:77.16,80.3 2 0
github.com/GeorgiiMalishev/ideas-platform/internal/usecase/idea_impl.go:82.2,83.36 2 0
github.com/GeorgiiMalishev/ideas-platform/internal/usecase/idea_impl.go:86.119,90.44 3 0
github.com/GeorgiiMalishev/ideas-platform/internal/usecase/idea_impl.go:90.44,92.3 1 0
github.com/GeorgiiMalishev/ideas-platform/internal/usecase/idea_impl.go:93.2,93.21 1 0
github.com/GeorgiiMalishev/ideas-platform/internal/usecase/idea_impl.go:93.21,95.3 1 0
github.com/GeorgiiMalishev/ideas-platform/internal/usecase/idea_impl.go:97.2,98.16 2 0
github.com/GeorgiiMalishev/ideas-platform/internal/usecase/idea_impl.go:98.16,101.3 2 0
github.com/GeorgiiMalishev/ideas-platform/internal/usecase/idea_impl.go:103.2,104.36 2 0
github.com/GeorgiiMalishev/ideas-platform/internal/usecase/idea_impl.go:107.98,112.16 4 0
github.com/GeorgiiMalishev/ideas-platform/internal/usecase/idea_impl.go:112.16,114.3 1 0
github.com/GeorgiiMalishev/ideas-platform/internal/usecase/idea_impl.go:116.2,116.27 1 0
github.com/GeorgiiMalishev/ideas-platform/internal/usecase/idea_impl.go:116.27,118.3 1 0
github.com/GeorgiiMalishev/ideas-platform/internal/usecase/idea_impl.go:119.2,119.25 1 0
github.com/GeorgiiMalishev/ideas-platform/internal/usecase/idea_impl.go:119.25,121.3 1 0
github.com/GeorgiiMalishev/ideas-platform/internal/usecase/idea_impl.go:122.2,122.22 1 0
github.com/GeorgiiMalishev/ideas-platform/internal/usecase/idea_impl.go:122.22,124.3 1 0
github.com/GeorgiiMalishev/ideas-platform/internal/usecase/idea_impl.go:125.2,125.28 1 0
github.com/GeorgiiMalishev/ideas-platform/internal/usecase/idea_impl.go:125.28,127.3 1 0
github.com/GeorgiiMalishev/ideas-platform/internal/usecase/idea_impl.go:128.2,128.25 1 0
github.com/GeorgiiMalishev/ideas-platform/internal/usecase/idea_impl.go:128.25,130.3 1 0
github.com/GeorgiiMalishev/ideas-platform/internal/usecase/idea_impl.go:132.2,133.16 2 0
github.com/GeorgiiMalishev/ideas-platform/internal/usecase/idea_impl.go:133.16,136.3 2 0
github.com/GeorgiiMalishev/ideas-platform/internal/usecase/idea_impl.go:138.2,139.12 2 0
github.com/GeorgiiMalishev/ideas-platform/internal/usecase/idea_impl.go:142.70,147.16 4 0
github.com/GeorgiiMalishev/ideas-platform/internal/usecase/idea_impl.go:147.16,149.3 1 0
github.com/GeorgiiMalishev/ideas-platform/internal/usecase/idea_impl.go:151.2,152.16 2 0
github.com/GeorgiiMalishev/ideas-platform/internal/usecase/idea_impl.go:152.16,154.35 2 0
github.com/GeorgiiMalishev/ideas-platform/internal/usecase/idea_impl.go:154.35,157.4 2 0
github.com/GeorgiiMalishev/ideas-platform/internal/usecase/idea_impl.go:158.3,159.13 2 0
github.com/GeorgiiMalishev/ideas-platform/internal/usecase/idea_impl.go:162.2,163.12 2 0
github.com/GeorgiiMalishev/ideas-platform/internal/usecase/idea_impl.go:166.88,171.16 4 0
github.com/GeorgiiMalishev/ideas-platform/internal/usecase/idea_impl.go:171.16,173.35 2 0
github.com/GeorgiiMalishev/ideas-platform/internal/usecase/idea_impl.go:173.35,176.4 2 0
github.com/GeorgiiMalishev/ideas-platform/internal/usecase/idea_impl.go:177.3,178.18 2 0
github.com/GeorgiiMalishev/ideas-platform/internal/usecase/idea_impl.go:181.2,181.56 1 0
github.com/GeorgiiMalishev/ideas-platform/internal/usecase/idea_impl.go:181.56,184.3 2 0
github.com/GeorgiiMalishev/ideas-platform/internal/usecase/idea_impl.go:186.2,187.18 2 0
github.com/GeorgiiMalishev/ideas-platform/internal/usecase/idea_impl.go:190.58,201.2 1 0
github.com/GeorgiiMalishev/ideas-platform/internal/usecase/idea_impl.go:203.62,205.29 2 0
github.com/GeorgiiMalishev/ideas-platform/internal/usecase/idea_impl.go:205.29,207.3 1 0
github.com/GeorgiiMalishev/ideas-platform/internal/usecase/idea_impl.go:208.2,208.12 1 0
github.com/GeorgiiMalishev/ideas-platform/internal/usecase/reward_impl.go:19.134,25.2 1 1
github.com/GeorgiiMalishev/ideas-platform/internal/usecase/reward_impl.go:27.116,32.16 4 1
github.com/GeorgiiMalishev/ideas-platform/internal/usecase/reward_impl.go:32.16,35.3 2 0
github.com/GeorgiiMalishev/ideas-platform/internal/usecase/reward_impl.go:37.2,48.16 4 1
github.com/GeorgiiMalishev/ideas-platform/internal/usecase/reward_impl.go:48.16,51.3 2 0
github.com/GeorgiiMalishev/ideas-platform/internal/usecase/reward_impl.go:53.2,54.45 2 1
github.com/GeorgiiMalishev/ideas-platform/internal/usecase/reward_impl.go:57.77,62.60 3 1
github.com/GeorgiiMalishev/ideas-platform/internal/usecase/reward_impl.go:62.60,65.3 2 1
github.com/GeorgiiMalishev/ideas-platform/internal/usecase/reward_impl.go:67.2,67.60 1 1
github.com/GeorgiiMalishev/ideas-platform/internal/usecase/reward_impl.go:67.60,70.3 2 0
github.com/GeorgiiMalishev/ideas-platform/internal/usecase/reward_impl.go:72.2,73.12 2 1
github.com/GeorgiiMalishev/ideas-platform/internal/usecase/reward_impl.go:76.88,81.16 4 1
github.com/GeorgiiMalishev/ideas-platform/internal/usecase/reward_impl.go:81.16,84.3 2 0
github.com/GeorgiiMalishev/ideas-platform/internal/usecase/reward_impl.go:86.2,87.38 2 1
github.com/GeorgiiMalishev/ideas-platform/internal/usecase/reward_impl.go:90.133,94.30 3 1
github.com/GeorgiiMalishev/ideas-platform/internal/usecase/reward_impl.go:94.30,96.3 1 1
github.com/GeorgiiMalishev/ideas-platform/internal/usecase/reward_impl.go:97.2,97.14 1 1
github.com/GeorgiiMalishev/ideas-platform/internal/usecase/reward_impl.go:97.14,99.3 1 0
github.com/GeorgiiMalishev/ideas-platform/internal/usecase/reward_impl.go:101.2,102.16 2 1
github.com/GeorgiiMalishev/ideas-platform/internal/usecase/reward_impl.go:102.16,105.3 2 0
github.com/GeorgiiMalishev/ideas-platform/internal/usecase/reward_impl.go:107.2,108.40 2 1
github.com/GeorgiiMalishev/ideas-platform/internal/usecase/reward_impl.go:111.107,115.30 3 1
github.com/GeorgiiMalishev/ideas-platform/internal/usecase/reward_impl.go:115.30,117.3 1 1
github.com/GeorgiiMalishev/ideas-platform/internal/usecase/reward_impl.go:118.2,118.14 1 1
github.com/GeorgiiMalishev/ideas-platform/internal/usecase/reward_impl.go:118.14,120.3 1 0
github.com/GeorgiiMalishev/ideas-platform/internal/usecase/reward_impl.go:122.2,123.16 2 1
github.com/GeorgiiMalishev/ideas-platform/internal/usecase/reward_impl.go:123.16,126.3 2 0
github.com/GeorgiiMalishev/ideas-platform/internal/usecase/reward_impl.go:128.2,129.40 2 1
github.com/GeorgiiMalishev/ideas-platform/internal/usecase/reward_impl.go:132.61,143.2 1 1
github.com/GeorgiiMalishev/ideas-platform/internal/usecase/reward_impl.go:145.70,147.28 2 1
github.com/GeorgiiMalishev/ideas-platform/internal/usecase/reward_impl.go:147.28,149.3 1 1
github.com/GeorgiiMalishev/ideas-platform/internal/usecase/reward_impl.go:150.2,150.12 1 1
github.com/GeorgiiMalishev/ideas-platform/internal/usecase/user_impl.go:19.78,21.2 1 1
github.com/GeorgiiMalishev/ideas-platform/internal/usecase/user_impl.go:24.71,28.31 3 1
github.com/GeorgiiMalishev/ideas-platform/internal/usecase/user_impl.go:28.31,31.3 2 1
github.com/GeorgiiMalishev/ideas-platform/internal/usecase/user_impl.go:32.2,33.16 2 1
github.com/GeorgiiMalishev/ideas-platform/internal/usecase/user_impl.go:33.16,35.35 2 0
github.com/GeorgiiMalishev/ideas-platform/internal/usecase/user_impl.go:35.35,38.4 2 0
github.com/GeorgiiMalishev/ideas-platform/internal/usecase/user_impl.go:39.3,40.13 2 0
github.com/GeorgiiMalishev/ideas-platform/internal/usecase/user_impl.go:43.2,44.12 2 1
github.com/GeorgiiMalishev/ideas-platform/internal/usecase/user_impl.go:48.101,52.21 3 1
github.com/GeorgiiMalishev/ideas-platform/internal/usecase/user_impl.go:52.21,55.3 2 1
github.com/GeorgiiMalishev/ideas-platform/internal/usecase/user_impl.go:57.2,57.30 1 1
github.com/GeorgiiMalishev/ideas-platform/internal/usecase/user_impl.go:57.30,59.3 1 1
github.com/GeorgiiMalishev/ideas-platform/internal/usecase/user_impl.go:60.2,60.14 1 1
github.com/GeorgiiMalishev/ideas-platform/internal/usecase/user_impl.go:60.14,62.3 1 0
github.com/GeorgiiMalishev/ideas-platform/internal/usecase/user_impl.go:63.2,64.16 2 1
github.com/GeorgiiMalishev/ideas-platform/internal/usecase/user_impl.go:64.16,67.3 2 0
github.com/GeorgiiMalishev/ideas-platform/internal/usecase/user_impl.go:69.2,70.32 2 1
github.com/GeorgiiMalishev/ideas-platform/internal/usecase/user_impl.go:74.102,78.50 3 1
github.com/GeorgiiMalishev/ideas-platform/internal/usecase/user_impl.go:78.50,81.3 2 1
github.com/GeorgiiMalishev/ideas-platform/internal/usecase/user_impl.go:83.2,84.16 2 1
github.com/GeorgiiMalishev/ideas-platform/internal/usecase/user_impl.go:84.16,86.35 2 0
github.com/GeorgiiMalishev/ideas-platform/internal/usecase/user_impl.go:86.35,89.4 2 0
github.com/GeorgiiMalishev/ideas-platform/internal/usecase/user_impl.go:90.3,91.18 2 0
github.com/GeorgiiMalishev/ideas-platform/internal/usecase/user_impl.go:94.2,95.30 2 1
github.com/GeorgiiMalishev/ideas-platform/internal/usecase/user_impl.go:99.99,103.31 3 1
github.com/GeorgiiMalishev/ideas-platform/internal/usecase/user_impl.go:103.31,106.3 2 1
github.com/GeorgiiMalishev/ideas-platform/internal/usecase/user_impl.go:107.2,108.16 2 1
github.com/GeorgiiMalishev/ideas-platform/internal/usecase/user_impl.go:108.16,110.35 2 0
github.com/GeorgiiMalishev/ideas-platform/internal/usecase/user_impl.go:110.35,113.4 2 0
github.com/GeorgiiMalishev/ideas-platform/internal/usecase/user_impl.go:114.3,115.13 2 0
github.com/GeorgiiMalishev/ideas-platform/internal/usecase/user_impl.go:118.2,118.20 1 1
github.com/GeorgiiMalishev/ideas-platform/internal/usecase/user_impl.go:118.20,120.3 1 1
github.com/GeorgiiMalishev/ideas-platform/internal/usecase/user_impl.go:122.2,123.16 2 1
github.com/GeorgiiMalishev/ideas-platform/internal/usecase/user_impl.go:123.16,126.3 2 0
github.com/GeorgiiMalishev/ideas-platform/internal/usecase/user_impl.go:128.2,129.12 2 1
github.com/GeorgiiMalishev/ideas-platform/internal/usecase/user_impl.go:132.54,138.2 1 1
github.com/GeorgiiMalishev/ideas-platform/internal/usecase/user_impl.go:140.58,142.23 2 1
github.com/GeorgiiMalishev/ideas-platform/internal/usecase/user_impl.go:142.23,144.3 1 1
github.com/GeorgiiMalishev/ideas-platform/internal/usecase/user_impl.go:146.2,146.12 1 1
github.com/GeorgiiMalishev/ideas-platform/internal/usecase/user_impl.go:149.50,151.2 1 1
