mode: set
github.com/GeorgiiMalishev/ideas-platform/internal/usecase/auth_impl.go:31.131,38.2 1 1
github.com/GeorgiiMalishev/ideas-platform/internal/usecase/auth_impl.go:41.54,51.49 5 1
github.com/GeorgiiMalishev/ideas-platform/internal/usecase/auth_impl.go:51.49,54.3 2 0
github.com/GeorgiiMalishev/ideas-platform/internal/usecase/auth_impl.go:56.2,56.21 1 1
github.com/GeorgiiMalishev/ideas-platform/internal/usecase/auth_impl.go:56.21,62.17 3 1
github.com/GeorgiiMalishev/ideas-platform/internal/usecase/auth_impl.go:62.17,65.4 2 1
github.com/GeorgiiMalishev/ideas-platform/internal/usecase/auth_impl.go:67.3,68.81 2 1
github.com/GeorgiiMalishev/ideas-platform/internal/usecase/auth_impl.go:71.2,72.16 2 1
github.com/GeorgiiMalishev/ideas-platform/internal/usecase/auth_impl.go:72.16,75.3 2 0
github.com/GeorgiiMalishev/ideas-platform/internal/usecase/auth_impl.go:77.2,78.16 2 1
github.com/GeorgiiMalishev/ideas-platform/internal/usecase/auth_impl.go:78.16,81.3 2 0
github.com/GeorgiiMalishev/ideas-platform/internal/usecase/auth_impl.go:83.2,84.16 2 1
github.com/GeorgiiMalishev/ideas-platform/internal/usecase/auth_impl.go:84.16,87.3 2 0
github.com/GeorgiiMalishev/ideas-platform/internal/usecase/auth_impl.go:89.2,92.16 3 1
github.com/GeorgiiMalishev/ideas-platform/internal/usecase/auth_impl.go:92.16,95.3 2 0
github.com/GeorgiiMalishev/ideas-platform/internal/usecase/auth_impl.go:97.2,98.12 2 1
github.com/GeorgiiMalishev/ideas-platform/internal/usecase/auth_impl.go:101.68,103.23 2 1
github.com/GeorgiiMalishev/ideas-platform/internal/usecase/auth_impl.go:103.23,107.3 1 1
github.com/GeorgiiMalishev/ideas-platform/internal/usecase/auth_impl.go:108.2,108.12 1 1
github.com/GeorgiiMalishev/ideas-platform/internal/usecase/auth_impl.go:111.96,112.21 1 1
github.com/GeorgiiMalishev/ideas-platform/internal/usecase/auth_impl.go:112.21,118.17 5 1
github.com/GeorgiiMalishev/ideas-platform/internal/usecase/auth_impl.go:118.17,120.4 1 0
github.com/GeorgiiMalishev/ideas-platform/internal/usecase/auth_impl.go:121.8,123.17 2 1
github.com/GeorgiiMalishev/ideas-platform/internal/usecase/auth_impl.go:123.17,125.4 1 0
github.com/GeorgiiMalishev/ideas-platform/internal/usecase/auth_impl.go:127.2,127.12 1 1
github.com/GeorgiiMalishev/ideas-platform/internal/usecase/auth_impl.go:130.67,131.89 1 1
github.com/GeorgiiMalishev/ideas-platform/internal/usecase/auth_impl.go:131.89,133.3 1 0
github.com/GeorgiiMalishev/ideas-platform/internal/usecase/auth_impl.go:133.8,135.67 2 1
github.com/GeorgiiMalishev/ideas-platform/internal/usecase/auth_impl.go:135.67,137.4 1 1
github.com/GeorgiiMalishev/ideas-platform/internal/usecase/auth_impl.go:137.9,137.139 1 1
github.com/GeorgiiMalishev/ideas-platform/internal/usecase/auth_impl.go:137.139,139.4 1 1
github.com/GeorgiiMalishev/ideas-platform/internal/usecase/auth_impl.go:139.9,141.4 1 1
github.com/GeorgiiMalishev/ideas-platform/internal/usecase/auth_impl.go:146.91,155.16 4 1
github.com/GeorgiiMalishev/ideas-platform/internal/usecase/auth_impl.go:155.16,157.35 2 0
github.com/GeorgiiMalishev/ideas-platform/internal/usecase/auth_impl.go:157.35,159.4 1 0
github.com/GeorgiiMalishev/ideas-platform/internal/usecase/auth_impl.go:159.9,161.4 1 0
github.com/GeorgiiMalishev/ideas-platform/internal/usecase/auth_impl.go:162.3,162.18 1 0
github.com/GeorgiiMalishev/ideas-platform/internal/usecase/auth_impl.go:164.2,164.32 1 1
github.com/GeorgiiMalishev/ideas-platform/internal/usecase/auth_impl.go:164.32,167.3 2 0
github.com/GeorgiiMalishev/ideas-platform/internal/usecase/auth_impl.go:168.2,170.16 3 1
github.com/GeorgiiMalishev/ideas-platform/internal/usecase/auth_impl.go:170.16,174.3 3 1
github.com/GeorgiiMalishev/ideas-platform/internal/usecase/auth_impl.go:176.2,177.16 2 1
github.com/GeorgiiMalishev/ideas-platform/internal/usecase/auth_impl.go:177.16,179.35 2 1
github.com/GeorgiiMalishev/ideas-platform/internal/usecase/auth_impl.go:179.35,182.18 3 1
github.com/GeorgiiMalishev/ideas-platform/internal/usecase/auth_impl.go:182.18,184.5 1 0
github.com/GeorgiiMalishev/ideas-platform/internal/usecase/auth_impl.go:185.9,188.4 2 0
github.com/GeorgiiMalishev/ideas-platform/internal/usecase/auth_impl.go:190.2,191.16 2 1
github.com/GeorgiiMalishev/ideas-platform/internal/usecase/auth_impl.go:191.16,194.3 2 0
github.com/GeorgiiMalishev/ideas-platform/internal/usecase/auth_impl.go:196.2,196.36 1 1
github.com/GeorgiiMalishev/ideas-platform/internal/usecase/auth_impl.go:199.37,203.19 3 1
github.com/GeorgiiMalishev/ideas-platform/internal/usecase/auth_impl.go:203.19,205.17 2 1
github.com/GeorgiiMalishev/ideas-platform/internal/usecase/auth_impl.go:205.17,207.4 1 0
github.com/GeorgiiMalishev/ideas-platform/internal/usecase/auth_impl.go:208.3,208.34 1 1
github.com/GeorgiiMalishev/ideas-platform/internal/usecase/auth_impl.go:211.2,211.28 1 1
github.com/GeorgiiMalishev/ideas-platform/internal/usecase/auth_impl.go:214.54,217.2 2 1
github.com/GeorgiiMalishev/ideas-platform/internal/usecase/auth_impl.go:219.44,222.2 2 1
github.com/GeorgiiMalishev/ideas-platform/internal/usecase/auth_impl.go:224.85,231.20 3 1
github.com/GeorgiiMalishev/ideas-platform/internal/usecase/auth_impl.go:231.20,234.3 2 0
github.com/GeorgiiMalishev/ideas-platform/internal/usecase/auth_impl.go:235.2,235.21 1 1
github.com/GeorgiiMalishev/ideas-platform/internal/usecase/auth_impl.go:235.21,238.3 2 0
github.com/GeorgiiMalishev/ideas-platform/internal/usecase/auth_impl.go:240.2,245.16 3 1
github.com/GeorgiiMalishev/ideas-platform/internal/usecase/auth_impl.go:245.16,248.3 2 0
github.com/GeorgiiMalishev/ideas-platform/internal/usecase/auth_impl.go:250.2,251.16 2 1
github.com/GeorgiiMalishev/ideas-platform/internal/usecase/auth_impl.go:254.69,265.16 3 1
github.com/GeorgiiMalishev/ideas-platform/internal/usecase/auth_impl.go:265.16,267.3 1 0
github.com/GeorgiiMalishev/ideas-platform/internal/usecase/auth_impl.go:268.2,268.12 1 1
github.com/GeorgiiMalishev/ideas-platform/internal/usecase/auth_impl.go:272.60,275.2 2 1
github.com/GeorgiiMalishev/ideas-platform/internal/usecase/auth_impl.go:277.68,279.2 1 1
github.com/GeorgiiMalishev/ideas-platform/internal/usecase/auth_impl.go:281.85,283.16 2 1
github.com/GeorgiiMalishev/ideas-platform/internal/usecase/auth_impl.go:283.16,285.3 1 1
github.com/GeorgiiMalishev/ideas-platform/internal/usecase/auth_impl.go:287.2,287.67 1 1
github.com/GeorgiiMalishev/ideas-platform/internal/usecase/auth_impl.go:290.106,295.16 4 1
github.com/GeorgiiMalishev/ideas-platform/internal/usecase/auth_impl.go:295.16,298.3 2 0
github.com/GeorgiiMalishev/ideas-platform/internal/usecase/auth_impl.go:300.2,301.16 2 1
github.com/GeorgiiMalishev/ideas-platform/internal/usecase/auth_impl.go:301.16,304.3 2 0
github.com/GeorgiiMalishev/ideas-platform/internal/usecase/auth_impl.go:306.2,309.8 1 1
github.com/GeorgiiMalishev/ideas-platform/internal/usecase/auth_impl.go:312.104,319.26 3 1
github.com/GeorgiiMalishev/ideas-platform/internal/usecase/auth_impl.go:319.26,322.50 3 1
github.com/GeorgiiMalishev/ideas-platform/internal/usecase/auth_impl.go:322.50,325.4 2 0
github.com/GeorgiiMalishev/ideas-platform/internal/usecase/auth_impl.go:328.2,329.16 2 1
github.com/GeorgiiMalishev/ideas-platform/internal/usecase/auth_impl.go:329.16,332.3 2 0
github.com/GeorgiiMalishev/ideas-platform/internal/usecase/auth_impl.go:333.2,339.16 3 1
github.com/GeorgiiMalishev/ideas-platform/internal/usecase/auth_impl.go:339.16,342.3 2 0
github.com/GeorgiiMalishev/ideas-platform/internal/usecase/auth_impl.go:344.2,344.29 1 1
github.com/GeorgiiMalishev/ideas-platform/internal/usecase/auth_impl.go:347.88,354.102 4 1
github.com/GeorgiiMalishev/ideas-platform/internal/usecase/auth_impl.go:354.102,355.58 1 1
github.com/GeorgiiMalishev/ideas-platform/internal/usecase/auth_impl.go:355.58,358.4 2 0
github.com/GeorgiiMalishev/ideas-platform/internal/usecase/auth_impl.go:360.3,360.34 1 1
github.com/GeorgiiMalishev/ideas-platform/internal/usecase/auth_impl.go:362.2,362.32 1 1
github.com/GeorgiiMalishev/ideas-platform/internal/usecase/auth_impl.go:362.32,365.3 2 1
github.com/GeorgiiMalishev/ideas-platform/internal/usecase/auth_impl.go:366.2,367.21 2 1
github.com/GeorgiiMalishev/ideas-platform/internal/usecase/auth_impl.go:370.102,379.16 5 1
github.com/GeorgiiMalishev/ideas-platform/internal/usecase/auth_impl.go:379.16,381.35 2 1
github.com/GeorgiiMalishev/ideas-platform/internal/usecase/auth_impl.go:381.35,384.4 2 1
github.com/GeorgiiMalishev/ideas-platform/internal/usecase/auth_impl.go:386.3,387.18 2 0
github.com/GeorgiiMalishev/ideas-platform/internal/usecase/auth_impl.go:390.2,390.45 1 1
github.com/GeorgiiMalishev/ideas-platform/internal/usecase/auth_impl.go:390.45,393.3 2 0
github.com/GeorgiiMalishev/ideas-platform/internal/usecase/auth_impl.go:394.2,394.24 1 1
github.com/GeorgiiMalishev/ideas-platform/internal/usecase/auth_impl.go:397.37,400.2 2 1
github.com/GeorgiiMalishev/ideas-platform/internal/usecase/auth_impl.go:402.77,413.16 4 1
github.com/GeorgiiMalishev/ideas-platform/internal/usecase/auth_impl.go:413.16,415.3 1 0
github.com/GeorgiiMalishev/ideas-platform/internal/usecase/auth_impl.go:416.2,416.26 1 1
github.com/GeorgiiMalishev/ideas-platform/internal/usecase/auth_impl.go:419.45,421.44 2 1
github.com/GeorgiiMalishev/ideas-platform/internal/usecase/auth_impl.go:421.44,423.3 1 0
github.com/GeorgiiMalishev/ideas-platform/internal/usecase/auth_impl.go:425.2,425.54 1 1
github.com/GeorgiiMalishev/ideas-platform/internal/usecase/coffee_shop_impl.go:19.96,21.2 1 1
github.com/GeorgiiMalishev/ideas-platform/internal/usecase/coffee_shop_impl.go:23.135,30.16 6 1
github.com/GeorgiiMalishev/ideas-platform/internal/usecase/coffee_shop_impl.go:30.16,33.3 2 0
github.com/GeorgiiMalishev/ideas-platform/internal/usecase/coffee_shop_impl.go:35.2,36.47 2 1
github.com/GeorgiiMalishev/ideas-platform/internal/usecase/coffee_shop_impl.go:39.88,44.16 4 1
github.com/GeorgiiMalishev/ideas-platform/internal/usecase/coffee_shop_impl.go:44.16,46.3 1 0
github.com/GeorgiiMalishev/ideas-platform/internal/usecase/coffee_shop_impl.go:47.2,48.16 2 1
github.com/GeorgiiMalishev/ideas-platform/internal/usecase/coffee_shop_impl.go:48.16,50.35 2 0
github.com/GeorgiiMalishev/ideas-platform/internal/usecase/coffee_shop_impl.go:50.35,53.4 2 0
github.com/GeorgiiMalishev/ideas-platform/internal/usecase/coffee_shop_impl.go:54.3,55.13 2 0
github.com/GeorgiiMalishev/ideas-platform/internal/usecase/coffee_shop_impl.go:58.2,59.12 2 1
github.com/GeorgiiMalishev/ideas-platform/internal/usecase/coffee_shop_impl.go:62.106,66.30 3 1
github.com/GeorgiiMalishev/ideas-platform/internal/usecase/coffee_shop_impl.go:66.30,68.3 1 1
github.com/GeorgiiMalishev/ideas-platform/internal/usecase/coffee_shop_impl.go:69.2,69.14 1 1
github.com/GeorgiiMalishev/ideas-platform/internal/usecase/coffee_shop_impl.go:69.14,71.3 1 0
github.com/GeorgiiMalishev/ideas-platform/internal/usecase/coffee_shop_impl.go:72.2,73.16 2 1
github.com/GeorgiiMalishev/ideas-platform/internal/usecase/coffee_shop_impl.go:73.16,76.3 2 0
github.com/GeorgiiMalishev/ideas-platform/internal/usecase/coffee_shop_impl.go:78.2,79.42 2 1
github.com/GeorgiiMalishev/ideas-platform/internal/usecase/coffee_shop_impl.go:82.94,87.16 4 1
github.com/GeorgiiMalishev/ideas-platform/internal/usecase/coffee_shop_impl.go:87.16,89.35 2 0
github.com/GeorgiiMalishev/ideas-platform/internal/usecase/coffee_shop_impl.go:89.35,92.4 2 0
github.com/GeorgiiMalishev/ideas-platform/internal/usecase/coffee_shop_impl.go:93.3,94.18 2 0
github.com/GeorgiiMalishev/ideas-platform/internal/usecase/coffee_shop_impl.go:97.2,98.40 2 1
github.com/GeorgiiMalishev/ideas-platform/internal/usecase/coffee_shop_impl.go:101.122,106.16 4 1
github.com/GeorgiiMalishev/ideas-platform/internal/usecase/coffee_shop_impl.go:106.16,108.3 1 0
github.com/GeorgiiMalishev/ideas-platform/internal/usecase/coffee_shop_impl.go:110.2,110.20 1 1
github.com/GeorgiiMalishev/ideas-platform/internal/usecase/coffee_shop_impl.go:110.20,112.3 1 1
github.com/GeorgiiMalishev/ideas-platform/internal/usecase/coffee_shop_impl.go:113.2,113.23 1 1
github.com/GeorgiiMalishev/ideas-platform/internal/usecase/coffee_shop_impl.go:113.23,115.3 1 0
github.com/GeorgiiMalishev/ideas-platform/internal/usecase/coffee_shop_impl.go:116.2,116.25 1 1
github.com/GeorgiiMalishev/ideas-platform/internal/usecase/coffee_shop_impl.go:116.25,118.3 1 0
github.com/GeorgiiMalishev/ideas-platform/internal/usecase/coffee_shop_impl.go:119.2,119.31 1 1
github.com/GeorgiiMalishev/ideas-platform/internal/usecase/coffee_shop_impl.go:119.31,121.3 1 0
github.com/GeorgiiMalishev/ideas-platform/internal/usecase/coffee_shop_impl.go:122.2,122.22 1 1
github.com/GeorgiiMalishev/ideas-platform/internal/usecase/coffee_shop_impl.go:122.22,124.3 1 0
github.com/GeorgiiMalishev/ideas-platform/internal/usecase/coffee_shop_impl.go:126.2,127.16 2 1
github.com/GeorgiiMalishev/ideas-platform/internal/usecase/coffee_shop_impl.go:127.16,129.35 2 0
github.com/GeorgiiMalishev/ideas-platform/internal/usecase/coffee_shop_impl.go:129.35,132.4 2 0
github.com/GeorgiiMalishev/ideas-platform/internal/usecase/coffee_shop_impl.go:133.3,134.13 2 0
github.com/GeorgiiMalishev/ideas-platform/internal/usecase/coffee_shop_impl.go:137.2,138.12 2 1
github.com/GeorgiiMalishev/ideas-platform/internal/usecase/coffee_shop_impl.go:141.72,149.2 1 1
github.com/GeorgiiMalishev/ideas-platform/internal/usecase/coffee_shop_impl.go:151.76,160.2 1 1
github.com/GeorgiiMalishev/ideas-platform/internal/usecase/coffee_shop_impl.go:162.80,164.23 2 1
github.com/GeorgiiMalishev/ideas-platform/internal/usecase/coffee_shop_impl.go:164.23,166.3 1 1
github.com/GeorgiiMalishev/ideas-platform/internal/usecase/coffee_shop_impl.go:168.2,168.12 1 1
github.com/GeorgiiMalishev/ideas-platform/internal/usecase/coffee_shop_impl.go:171.110,176.16 4 1
github.com/GeorgiiMalishev/ideas-platform/internal/usecase/coffee_shop_impl.go:176.16,178.35 2 0
github.com/GeorgiiMalishev/ideas-platform/internal/usecase/coffee_shop_impl.go:178.35,181.4 2 0
github.com/GeorgiiMalishev/ideas-platform/internal/usecase/coffee_shop_impl.go:182.3,183.18 2 0
github.com/GeorgiiMalishev/ideas-platform/internal/usecase/coffee_shop_impl.go:185.2,185.30 1 1
github.com/GeorgiiMalishev/ideas-platform/internal/usecase/coffee_shop_impl.go:185.30,188.3 2 0
github.com/GeorgiiMalishev/ideas-platform/internal/usecase/coffee_shop_impl.go:189.2,190.18 2 1
github.com/GeorgiiMalishev/ideas-platform/internal/usecase/idea_impl.go:19.90,21.2 1 0
github.com/GeorgiiMalishev/ideas-platform/internal/usecase/idea_impl.go:23.111,37.16 5 0
github.com/GeorgiiMalishev/ideas-platform/internal/usecase/idea_impl.go:37.16,40.3 2 0
github.com/GeorgiiMalishev/ideas-platform/internal/usecase/idea_impl.go:42.2,43.41 2 0
github.com/GeorgiiMalishev/ideas-platform/internal/usecase/idea_impl.go:46.80,51.16 4 0
github.com/GeorgiiMalishev/ideas-platform/internal/usecase/idea_impl.go:51.16,53.35 2 0
github.com/GeorgiiMalishev/ideas-platform/internal/usecase/idea_impl.go:53.35,56.4 2 0
github.com/GeorgiiMalishev/ideas-platform/internal/usecase/idea_impl.go:57.3,58.18 2 0
github.com/GeorgiiMalishev/ideas-platform/internal/usecase/idea_impl.go:61.2,62.34 2 0
github.com/GeorgiiMalishev/ideas-platform/internal/usecase/idea_impl.go:65.119,69.44 3 0
github.com/GeorgiiMalishev/ideas-platform/internal/usecase/idea_impl.go:69.44,71.3 1 0
github.com/GeorgiiMalishev/ideas-platform/internal/usecase/idea_impl.go:72.2,72.21 1 0
github.com/GeorgiiMalishev/ideas-platform/internal/usecase/idea_impl.go:72.21,74.3 1 0
github.com/GeorgiiMalishev/ideas-platform/internal/usecase/idea_impl.go:76.2,77.16 2 0
github.com/GeorgiiMalishev/ideas-platform/internal/usecase/idea_impl.go:77.16,80.3 2 0
github.com/GeorgiiMalishev/ideas-platform/internal/usecase/idea_impl.go:82.2,83.36 2 0
github.com/GeorgiiMalishev/ideas-platform/internal/usecase/idea_impl.go:86.119,90.44 3 0
github.com/GeorgiiMalishev/ideas-platform/internal/usecase/idea_impl.go:90.44,92.3 1 0
github.com/GeorgiiMalishev/ideas-platform/internal/usecase/idea_impl.go:93.2,93.21 1 0
github.com/GeorgiiMalishev/ideas-platform/internal/usecase/idea_impl.go:93.21,95.3 1 0
github.com/GeorgiiMalishev/ideas-platform/internal/usecase/idea_impl.go:97.2,98.16 2 0
github.com/GeorgiiMalishev/ideas-platform/internal/usecase/idea_impl.go:98.16,101.3 2 0
github.com/GeorgiiMalishev/ideas-platform/internal/usecase/idea_impl.go:103.2,104.36 2 0
github.com/GeorgiiMalishev/ideas-platform/internal/usecase/idea_impl.go:107.98,112.16 4 0
github.com/GeorgiiMalishev/ideas-platform/internal/usecase/idea_impl.go:112.16,114.3 1 0
github.com/GeorgiiMalishev/ideas-platform/internal/usecase/idea_impl.go:116.2,116.27 1 0
github.com/GeorgiiMalishev/ideas-platform/internal/usecase/idea_impl.go:116.27,118.3 1 0
github.com/GeorgiiMalishev/ideas-platform/internal/usecase/idea_impl.go:119.2,119.25 1 0
github.com/GeorgiiMalishev/ideas-platform/internal/usecase/idea_impl.go:119.25,121.3 1 0
github.com/GeorgiiMalishev/ideas-platform/internal/usecase/idea_impl.go:122.2,122.22 1 0
github.com/GeorgiiMalishev/ideas-platform/internal/usecase/idea_impl.go:122.22,124.3 1 0
github.com/GeorgiiMalishev/ideas-platform/internal/usecase/idea_impl.go:125.2,125.28 1 0
github.com/GeorgiiMalishev/ideas-platform/internal/usecase/idea_impl.go:125.28,127.3 1 0
github.com/GeorgiiMalishev/ideas-platform/internal/usecase/idea_impl.go:128.2,128.25 1 0
github.com/GeorgiiMalishev/ideas-platform/internal/usecase/idea_impl.go:128.25,130.3 1 0
github.com/GeorgiiMalishev/ideas-platform/internal/usecase/idea_impl.go:132.2,133.16 2 0
github.com/GeorgiiMalishev/ideas-platform/internal/usecase/idea_impl.go:133.16,136.3 2 0
github.com/GeorgiiMalishev/ideas-platform/internal/usecase/idea_impl.go:138.2,139.12 2 0
github.com/GeorgiiMalishev/ideas-platform/internal/usecase/idea_impl.go:142.70,147.16 4 0
github.com/GeorgiiMalishev/ideas-platform/internal/usecase/idea_impl.go:147.16,149.3 1 0
github.com/GeorgiiMalishev/ideas-platform/internal/usecase/idea_impl.go:151.2,152.16 2 0
github.com/GeorgiiMalishev/ideas-platform/internal/usecase/idea_impl.go:152.16,154.35 2 0
github.com/GeorgiiMalishev/ideas-platform/internal/usecase/idea_impl.go:154.35,157.4 2 0
github.com/GeorgiiMalishev/ideas-platform/internal/usecase/idea_impl.go:158.3,159.13 2 0
github.com/GeorgiiMalishev/ideas-platform/internal/usecase/idea_impl.go:162.2,163.12 2 0
github.com/GeorgiiMalishev/ideas-platform/internal/usecase/idea_impl.go:166.88,171.16 4 0
github.com/GeorgiiMalishev/ideas-platform/internal/usecase/idea_impl.go:171.16,173.35 2 0
github.com/GeorgiiMalishev/ideas-platform/internal/usecase/idea_impl.go:173.35,176.4 2 0
github.com/GeorgiiMalishev/ideas-platform/internal/usecase/idea_impl.go:177.3,178.18 2 0
github.com/GeorgiiMalishev/ideas-platform/internal/usecase/idea_impl.go:181.2,181.56 1 0
github.com/GeorgiiMalishev/ideas-platform/internal/usecase/idea_impl.go:181.56,184.3 2 0
github.com/GeorgiiMalishev/ideas-platform/internal/usecase/idea_impl.go:186.2,187.18 2 0
github.com/GeorgiiMalishev/ideas-platform/internal/usecase/idea_impl.go:190.58,201.2 1 0
github.com/GeorgiiMalishev/ideas-platform/internal/usecase/idea_impl.go:203.62,205.29 2 0
github.com/GeorgiiMalishev/ideas-platform/internal/usecase/idea_impl.go:205.29,207.3 1 0
github.com/GeorgiiMalishev/ideas-platform/internal/usecase/idea_impl.go:208.2,208.12 1 0
github.com/GeorgiiMalishev/ideas-platform/internal/usecase/user_impl.go:19.78,21.2 1 1
github.com/GeorgiiMalishev/ideas-platform/internal/usecase/user_impl.go:24.58,29.16 4 1
github.com/GeorgiiMalishev/ideas-platform/internal/usecase/user_impl.go:29.16,31.35 2 1
github.com/GeorgiiMalishev/ideas-platform/internal/usecase/user_impl.go:31.35,34.4 2 1
github.com/GeorgiiMalishev/ideas-platform/internal/usecase/user_impl.go:35.3,36.13 2 0
github.com/GeorgiiMalishev/ideas-platform/internal/usecase/user_impl.go:39.2,40.12 2 1
github.com/GeorgiiMalishev/ideas-platform/internal/usecase/user_impl.go:44.88,48.30 3 1
github.com/GeorgiiMalishev/ideas-platform/internal/usecase/user_impl.go:48.30,50.3 1 1
github.com/GeorgiiMalishev/ideas-platform/internal/usecase/user_impl.go:51.2,51.14 1 1
github.com/GeorgiiMalishev/ideas-platform/internal/usecase/user_impl.go:51.14,53.3 1 0
github.com/GeorgiiMalishev/ideas-platform/internal/usecase/user_impl.go:54.2,55.16 2 1
github.com/GeorgiiMalishev/ideas-platform/internal/usecase/user_impl.go:55.16,58.3 2 0
github.com/GeorgiiMalishev/ideas-platform/internal/usecase/user_impl.go:60.2,61.32 2 1
github.com/GeorgiiMalishev/ideas-platform/internal/usecase/user_impl.go:65.76,70.16 4 1
github.com/GeorgiiMalishev/ideas-platform/internal/usecase/user_impl.go:70.16,72.35 2 1
github.com/GeorgiiMalishev/ideas-platform/internal/usecase/user_impl.go:72.35,75.4 2 1
github.com/GeorgiiMalishev/ideas-platform/internal/usecase/user_impl.go:76.3,77.18 2 0
github.com/GeorgiiMalishev/ideas-platform/internal/usecase/user_impl.go:80.2,81.30 2 1
github.com/GeorgiiMalishev/ideas-platform/internal/usecase/user_impl.go:85.86,90.16 4 1
github.com/GeorgiiMalishev/ideas-platform/internal/usecase/user_impl.go:90.16,92.35 2 1
github.com/GeorgiiMalishev/ideas-platform/internal/usecase/user_impl.go:92.35,95.4 2 1
github.com/GeorgiiMalishev/ideas-platform/internal/usecase/user_impl.go:96.3,97.13 2 0
github.com/GeorgiiMalishev/ideas-platform/internal/usecase/user_impl.go:100.2,100.20 1 1
github.com/GeorgiiMalishev/ideas-platform/internal/usecase/user_impl.go:100.20,102.3 1 1
github.com/GeorgiiMalishev/ideas-platform/internal/usecase/user_impl.go:104.2,105.16 2 1
github.com/GeorgiiMalishev/ideas-platform/internal/usecase/user_impl.go:105.16,108.3 2 0
github.com/GeorgiiMalishev/ideas-platform/internal/usecase/user_impl.go:110.2,111.12 2 1
github.com/GeorgiiMalishev/ideas-platform/internal/usecase/user_impl.go:114.54,120.2 1 1
github.com/GeorgiiMalishev/ideas-platform/internal/usecase/user_impl.go:122.58,124.23 2 1
github.com/GeorgiiMalishev/ideas-platform/internal/usecase/user_impl.go:124.23,126.3 1 1
github.com/GeorgiiMalishev/ideas-platform/internal/usecase/user_impl.go:128.2,128.12 1 1
